# JRE version: OpenJDK Runtime Environment (8.0_152-b02) (build 1.8.0_152-release-1024-b02)
# Java VM: OpenJDK 64-Bit Server VM (25.152-b02 mixed mode windows-amd64 compressed oops)
Heap:
 PSYoungGen      total 148480K, used 62739K [0x00000000e0000000, 0x00000000ec880000, 0x0000000100000000)
  eden space 126464K, 49% used [0x00000000e0000000,0x00000000e3d44e68,0x00000000e7b80000)
  from space 22016K, 0% used [0x00000000e7b80000,0x00000000e7b80000,0x00000000e9100000)
  to   space 22528K, 0% used [0x00000000eb280000,0x00000000eb280000,0x00000000ec880000)
 ParOldGen       total 147456K, used 33711K [0x00000000a0000000, 0x00000000a9000000, 0x00000000e0000000)
  object space 147456K, 22% used [0x00000000a0000000,0x00000000a20ebc30,0x00000000a9000000)
 Metaspace       used 60184K, capacity 62208K, committed 62336K, reserved 1103872K
  class space    used 8077K, capacity 8555K, committed 8576K, reserved 1048576K
GC Heap History (10 events):
Event: 6.141 GC heap before
{Heap before GC invocations=14 (full 2):
 PSYoungGen      total 100864K, used 100862K [0x00000000e0000000, 0x00000000e8300000, 0x0000000100000000)
  eden space 90112K, 100% used [0x00000000e0000000,0x00000000e5800000,0x00000000e5800000)
  from space 10752K, 99% used [0x00000000e5800000,0x00000000e627f878,0x00000000e6280000)
  to   space 13312K, 0% used [0x00000000e7600000,0x00000000e7600000,0x00000000e8300000)
 ParOldGen       total 98304K, used 18074K [0x00000000a0000000, 0x00000000a6000000, 0x00000000e0000000)
  object space 98304K, 18% used [0x00000000a0000000,0x00000000a11a6b80,0x00000000a6000000)
 Metaspace       used 52362K, capacity 53964K, committed 54272K, reserved 1095680K
  class space    used 7213K, capacity 7579K, committed 7680K, reserved 1048576K
Event: 6.158 GC heap after
Heap after GC invocations=14 (full 2):
 PSYoungGen      total 117760K, used 13286K [0x00000000e0000000, 0x00000000e8d00000, 0x0000000100000000)
  eden space 104448K, 0% used [0x00000000e0000000,0x00000000e0000000,0x00000000e6600000)
  from space 13312K, 99% used [0x00000000e7600000,0x00000000e82f99a0,0x00000000e8300000)
  to   space 16384K, 0% used [0x00000000e6600000,0x00000000e6600000,0x00000000e7600000)
 ParOldGen       total 98304K, used 22357K [0x00000000a0000000, 0x00000000a6000000, 0x00000000e0000000)
  object space 98304K, 22% used [0x00000000a0000000,0x00000000a15d57c8,0x00000000a6000000)
 Metaspace       used 52362K, capacity 53964K, committed 54272K, reserved 1095680K
  class space    used 7213K, capacity 7579K, committed 7680K, reserved 1048576K
}
Event: 7.431 GC heap before
{Heap before GC invocations=15 (full 2):
 PSYoungGen      total 117760K, used 117734K [0x00000000e0000000, 0x00000000e8d00000, 0x0000000100000000)
  eden space 104448K, 100% used [0x00000000e0000000,0x00000000e6600000,0x00000000e6600000)
  from space 13312K, 99% used [0x00000000e7600000,0x00000000e82f99a0,0x00000000e8300000)
  to   space 16384K, 0% used [0x00000000e6600000,0x00000000e6600000,0x00000000e7600000)
 ParOldGen       total 98304K, used 22357K [0x00000000a0000000, 0x00000000a6000000, 0x00000000e0000000)
  object space 98304K, 22% used [0x00000000a0000000,0x00000000a15d57c8,0x00000000a6000000)
 Metaspace       used 54409K, capacity 56162K, committed 56320K, reserved 1097728K
  class space    used 7431K, capacity 7844K, committed 7936K, reserved 1048576K
Event: 7.445 GC heap after
Heap after GC invocations=15 (full 2):
 PSYoungGen      total 120832K, used 16374K [0x00000000e0000000, 0x00000000ea480000, 0x0000000100000000)
  eden space 104448K, 0% used [0x00000000e0000000,0x00000000e0000000,0x00000000e6600000)
  from space 16384K, 99% used [0x00000000e6600000,0x00000000e75fd9d0,0x00000000e7600000)
  to   space 19968K, 0% used [0x00000000e9100000,0x00000000e9100000,0x00000000ea480000)
 ParOldGen       total 98304K, used 26469K [0x00000000a0000000, 0x00000000a6000000, 0x00000000e0000000)
  object space 98304K, 26% used [0x00000000a0000000,0x00000000a19d9550,0x00000000a6000000)
 Metaspace       used 54409K, capacity 56162K, committed 56320K, reserved 1097728K
  class space    used 7431K, capacity 7844K, committed 7936K, reserved 1048576K
}
Event: 8.745 GC heap before
{Heap before GC invocations=16 (full 2):
 PSYoungGen      total 120832K, used 119939K [0x00000000e0000000, 0x00000000ea480000, 0x0000000100000000)
  eden space 104448K, 99% used [0x00000000e0000000,0x00000000e6523460,0x00000000e6600000)
  from space 16384K, 99% used [0x00000000e6600000,0x00000000e75fd9d0,0x00000000e7600000)
  to   space 19968K, 0% used [0x00000000e9100000,0x00000000e9100000,0x00000000ea480000)
 ParOldGen       total 98304K, used 26469K [0x00000000a0000000, 0x00000000a6000000, 0x00000000e0000000)
  object space 98304K, 26% used [0x00000000a0000000,0x00000000a19d9550,0x00000000a6000000)
 Metaspace       used 55813K, capacity 57652K, committed 57856K, reserved 1099776K
  class space    used 7638K, capacity 8079K, committed 8192K, reserved 1048576K
Event: 8.756 GC heap after
Heap after GC invocations=16 (full 2):
 PSYoungGen      total 146432K, used 17875K [0x00000000e0000000, 0x00000000ea680000, 0x0000000100000000)
  eden space 126464K, 0% used [0x00000000e0000000,0x00000000e0000000,0x00000000e7b80000)
  from space 19968K, 89% used [0x00000000e9100000,0x00000000ea274e38,0x00000000ea480000)
  to   space 22016K, 0% used [0x00000000e7b80000,0x00000000e7b80000,0x00000000e9100000)
 ParOldGen       total 98304K, used 29719K [0x00000000a0000000, 0x00000000a6000000, 0x00000000e0000000)
  object space 98304K, 30% used [0x00000000a0000000,0x00000000a1d05e58,0x00000000a6000000)
 Metaspace       used 55813K, capacity 57652K, committed 57856K, reserved 1099776K
  class space    used 7638K, capacity 8079K, committed 8192K, reserved 1048576K
}
Event: 8.978 GC heap before
{Heap before GC invocations=17 (full 2):
 PSYoungGen      total 146432K, used 88007K [0x00000000e0000000, 0x00000000ea680000, 0x0000000100000000)
  eden space 126464K, 55% used [0x00000000e0000000,0x00000000e447cfd8,0x00000000e7b80000)
  from space 19968K, 89% used [0x00000000e9100000,0x00000000ea274e38,0x00000000ea480000)
  to   space 22016K, 0% used [0x00000000e7b80000,0x00000000e7b80000,0x00000000e9100000)
 ParOldGen       total 98304K, used 29719K [0x00000000a0000000, 0x00000000a6000000, 0x00000000e0000000)
  object space 98304K, 30% used [0x00000000a0000000,0x00000000a1d05e58,0x00000000a6000000)
 Metaspace       used 57113K, capacity 58942K, committed 59008K, reserved 1099776K
  class space    used 7822K, capacity 8262K, committed 8320K, reserved 1048576K
Event: 8.987 GC heap after
Heap after GC invocations=17 (full 2):
 PSYoungGen      total 148480K, used 14841K [0x00000000e0000000, 0x00000000ec880000, 0x0000000100000000)
  eden space 126464K, 0% used [0x00000000e0000000,0x00000000e0000000,0x00000000e7b80000)
  from space 22016K, 67% used [0x00000000e7b80000,0x00000000e89fe690,0x00000000e9100000)
  to   space 22528K, 0% used [0x00000000eb280000,0x00000000eb280000,0x00000000ec880000)
 ParOldGen       total 98304K, used 29727K [0x00000000a0000000, 0x00000000a6000000, 0x00000000e0000000)
  object space 98304K, 30% used [0x00000000a0000000,0x00000000a1d07e58,0x00000000a6000000)
 Metaspace       used 57113K, capacity 58942K, committed 59008K, reserved 1099776K
  class space    used 7822K, capacity 8262K, committed 8320K, reserved 1048576K
}
Event: 8.987 GC heap before
{Heap before GC invocations=18 (full 3):
 PSYoungGen      total 148480K, used 14841K [0x00000000e0000000, 0x00000000ec880000, 0x0000000100000000)
  eden space 126464K, 0% used [0x00000000e0000000,0x00000000e0000000,0x00000000e7b80000)
  from space 22016K, 67% used [0x00000000e7b80000,0x00000000e89fe690,0x00000000e9100000)
  to   space 22528K, 0% used [0x00000000eb280000,0x00000000eb280000,0x00000000ec880000)
 ParOldGen       total 98304K, used 29727K [0x00000000a0000000, 0x00000000a6000000, 0x00000000e0000000)
  object space 98304K, 30% used [0x00000000a0000000,0x00000000a1d07e58,0x00000000a6000000)
 Metaspace       used 57113K, capacity 58942K, committed 59008K, reserved 1099776K
  class space    used 7822K, capacity 8262K, committed 8320K, reserved 1048576K
Event: 9.169 GC heap after
Heap after GC invocations=18 (full 3):
 PSYoungGen      total 148480K, used 0K [0x00000000e0000000, 0x00000000ec880000, 0x0000000100000000)
  eden space 126464K, 0% used [0x00000000e0000000,0x00000000e0000000,0x00000000e7b80000)
  from space 22016K, 0% used [0x00000000e7b80000,0x00000000e7b80000,0x00000000e9100000)
  to   space 22528K, 0% used [0x00000000eb280000,0x00000000eb280000,0x00000000ec880000)
 ParOldGen       total 147456K, used 33711K [0x00000000a0000000, 0x00000000a9000000, 0x00000000e0000000)
  object space 147456K, 22% used [0x00000000a0000000,0x00000000a20ebc30,0x00000000a9000000)
 Metaspace       used 57105K, capacity 58930K, committed 59008K, reserved 1099776K
  class space    used 7821K, capacity 8260K, committed 8320K, reserved 1048576K
}

