# JRE version: OpenJDK Runtime Environment (8.0_152-b02) (build 1.8.0_152-release-1024-b02)
# Java VM: OpenJDK 64-Bit Server VM (25.152-b02 mixed mode windows-amd64 compressed oops)
Heap:
 PSYoungGen      total 425984K, used 59882K [0x00000000e0000000, 0x00000000fc280000, 0x0000000100000000)
  eden space 395776K, 9% used [0x00000000e0000000,0x00000000e243dd10,0x00000000f8280000)
  from space 30208K, 75% used [0x00000000fa500000,0x00000000fbb3cd08,0x00000000fc280000)
  to   space 32768K, 0% used [0x00000000f8280000,0x00000000f8280000,0x00000000fa280000)
 ParOldGen       total 147968K, used 129802K [0x00000000a0000000, 0x00000000a9080000, 0x00000000e0000000)
  object space 147968K, 87% used [0x00000000a0000000,0x00000000a7ec2a58,0x00000000a9080000)
 Metaspace       used 81419K, capacity 85252K, committed 85464K, reserved 1124352K
  class space    used 10403K, capacity 11175K, committed 11264K, reserved 1048576K
GC Heap History (10 events):
Event: 876.636 GC heap before
{Heap before GC invocations=25 (full 3):
 PSYoungGen      total 250368K, used 227753K [0x00000000e0000000, 0x00000000f4a80000, 0x0000000100000000)
  eden space 218112K, 100% used [0x00000000e0000000,0x00000000ed500000,0x00000000ed500000)
  from space 32256K, 29% used [0x00000000ed500000,0x00000000ede6a5c0,0x00000000ef480000)
  to   space 31744K, 0% used [0x00000000f2b80000,0x00000000f2b80000,0x00000000f4a80000)
 ParOldGen       total 147968K, used 121200K [0x00000000a0000000, 0x00000000a9080000, 0x00000000e0000000)
  object space 147968K, 81% used [0x00000000a0000000,0x00000000a765c0e8,0x00000000a9080000)
 Metaspace       used 80371K, capacity 84128K, committed 84312K, reserved 1122304K
  class space    used 10327K, capacity 11095K, committed 11136K, reserved 1048576K
Event: 876.648 GC heap after
Heap after GC invocations=25 (full 3):
 PSYoungGen      total 306688K, used 4276K [0x00000000e0000000, 0x00000000f4a80000, 0x0000000100000000)
  eden space 274944K, 0% used [0x00000000e0000000,0x00000000e0000000,0x00000000f0c80000)
  from space 31744K, 13% used [0x00000000f2b80000,0x00000000f2fad138,0x00000000f4a80000)
  to   space 31744K, 0% used [0x00000000f0c80000,0x00000000f0c80000,0x00000000f2b80000)
 ParOldGen       total 147968K, used 126036K [0x00000000a0000000, 0x00000000a9080000, 0x00000000e0000000)
  object space 147968K, 85% used [0x00000000a0000000,0x00000000a7b151c8,0x00000000a9080000)
 Metaspace       used 80371K, capacity 84128K, committed 84312K, reserved 1122304K
  class space    used 10327K, capacity 11095K, committed 11136K, reserved 1048576K
}
Event: 876.894 GC heap before
{Heap before GC invocations=26 (full 3):
 PSYoungGen      total 306688K, used 279220K [0x00000000e0000000, 0x00000000f4a80000, 0x0000000100000000)
  eden space 274944K, 100% used [0x00000000e0000000,0x00000000f0c80000,0x00000000f0c80000)
  from space 31744K, 13% used [0x00000000f2b80000,0x00000000f2fad138,0x00000000f4a80000)
  to   space 31744K, 0% used [0x00000000f0c80000,0x00000000f0c80000,0x00000000f2b80000)
 ParOldGen       total 147968K, used 126038K [0x00000000a0000000, 0x00000000a9080000, 0x00000000e0000000)
  object space 147968K, 85% used [0x00000000a0000000,0x00000000a7b159f8,0x00000000a9080000)
 Metaspace       used 80451K, capacity 84210K, committed 84312K, reserved 1122304K
  class space    used 10327K, capacity 11096K, committed 11136K, reserved 1048576K
Event: 876.908 GC heap after
Heap after GC invocations=26 (full 3):
 PSYoungGen      total 306688K, used 11366K [0x00000000e0000000, 0x00000000f8e80000, 0x0000000100000000)
  eden space 274944K, 0% used [0x00000000e0000000,0x00000000e0000000,0x00000000f0c80000)
  from space 31744K, 35% used [0x00000000f0c80000,0x00000000f1799b68,0x00000000f2b80000)
  to   space 30720K, 0% used [0x00000000f7080000,0x00000000f7080000,0x00000000f8e80000)
 ParOldGen       total 147968K, used 128650K [0x00000000a0000000, 0x00000000a9080000, 0x00000000e0000000)
  object space 147968K, 86% used [0x00000000a0000000,0x00000000a7da2a38,0x00000000a9080000)
 Metaspace       used 80451K, capacity 84210K, committed 84312K, reserved 1122304K
  class space    used 10327K, capacity 11096K, committed 11136K, reserved 1048576K
}
Event: 877.176 GC heap before
{Heap before GC invocations=27 (full 3):
 PSYoungGen      total 306688K, used 286310K [0x00000000e0000000, 0x00000000f8e80000, 0x0000000100000000)
  eden space 274944K, 100% used [0x00000000e0000000,0x00000000f0c80000,0x00000000f0c80000)
  from space 31744K, 35% used [0x00000000f0c80000,0x00000000f1799b68,0x00000000f2b80000)
  to   space 30720K, 0% used [0x00000000f7080000,0x00000000f7080000,0x00000000f8e80000)
 ParOldGen       total 147968K, used 128650K [0x00000000a0000000, 0x00000000a9080000, 0x00000000e0000000)
  object space 147968K, 86% used [0x00000000a0000000,0x00000000a7da2a38,0x00000000a9080000)
 Metaspace       used 80520K, capacity 84278K, committed 84568K, reserved 1122304K
  class space    used 10327K, capacity 11096K, committed 11136K, reserved 1048576K
Event: 877.181 GC heap after
Heap after GC invocations=27 (full 3):
 PSYoungGen      total 368128K, used 4540K [0x00000000e0000000, 0x00000000f8a00000, 0x0000000100000000)
  eden space 342016K, 0% used [0x00000000e0000000,0x00000000e0000000,0x00000000f4e00000)
  from space 26112K, 17% used [0x00000000f7080000,0x00000000f74ef238,0x00000000f8a00000)
  to   space 30720K, 0% used [0x00000000f4e00000,0x00000000f4e00000,0x00000000f6c00000)
 ParOldGen       total 147968K, used 128858K [0x00000000a0000000, 0x00000000a9080000, 0x00000000e0000000)
  object space 147968K, 87% used [0x00000000a0000000,0x00000000a7dd6a38,0x00000000a9080000)
 Metaspace       used 80520K, capacity 84278K, committed 84568K, reserved 1122304K
  class space    used 10327K, capacity 11096K, committed 11136K, reserved 1048576K
}
Event: 877.566 GC heap before
{Heap before GC invocations=28 (full 3):
 PSYoungGen      total 368128K, used 346556K [0x00000000e0000000, 0x00000000f8a00000, 0x0000000100000000)
  eden space 342016K, 100% used [0x00000000e0000000,0x00000000f4e00000,0x00000000f4e00000)
  from space 26112K, 17% used [0x00000000f7080000,0x00000000f74ef238,0x00000000f8a00000)
  to   space 30720K, 0% used [0x00000000f4e00000,0x00000000f4e00000,0x00000000f6c00000)
 ParOldGen       total 147968K, used 128858K [0x00000000a0000000, 0x00000000a9080000, 0x00000000e0000000)
  object space 147968K, 87% used [0x00000000a0000000,0x00000000a7dd6a38,0x00000000a9080000)
 Metaspace       used 80655K, capacity 84362K, committed 84568K, reserved 1122304K
  class space    used 10335K, capacity 11100K, committed 11136K, reserved 1048576K
Event: 877.572 GC heap after
Heap after GC invocations=28 (full 3):
 PSYoungGen      total 372736K, used 3686K [0x00000000e0000000, 0x00000000fc300000, 0x0000000100000000)
  eden space 342016K, 0% used [0x00000000e0000000,0x00000000e0000000,0x00000000f4e00000)
  from space 30720K, 11% used [0x00000000f4e00000,0x00000000f5199978,0x00000000f6c00000)
  to   space 30720K, 0% used [0x00000000fa500000,0x00000000fa500000,0x00000000fc300000)
 ParOldGen       total 147968K, used 129738K [0x00000000a0000000, 0x00000000a9080000, 0x00000000e0000000)
  object space 147968K, 87% used [0x00000000a0000000,0x00000000a7eb2a58,0x00000000a9080000)
 Metaspace       used 80655K, capacity 84362K, committed 84568K, reserved 1122304K
  class space    used 10335K, capacity 11100K, committed 11136K, reserved 1048576K
}
Event: 879.280 GC heap before
{Heap before GC invocations=29 (full 3):
 PSYoungGen      total 372736K, used 345702K [0x00000000e0000000, 0x00000000fc300000, 0x0000000100000000)
  eden space 342016K, 100% used [0x00000000e0000000,0x00000000f4e00000,0x00000000f4e00000)
  from space 30720K, 11% used [0x00000000f4e00000,0x00000000f5199978,0x00000000f6c00000)
  to   space 30720K, 0% used [0x00000000fa500000,0x00000000fa500000,0x00000000fc300000)
 ParOldGen       total 147968K, used 129738K [0x00000000a0000000, 0x00000000a9080000, 0x00000000e0000000)
  object space 147968K, 87% used [0x00000000a0000000,0x00000000a7eb2a58,0x00000000a9080000)
 Metaspace       used 81405K, capacity 85248K, committed 85464K, reserved 1124352K
  class space    used 10401K, capacity 11173K, committed 11264K, reserved 1048576K
Event: 879.299 GC heap after
Heap after GC invocations=29 (full 3):
 PSYoungGen      total 425984K, used 22771K [0x00000000e0000000, 0x00000000fc280000, 0x0000000100000000)
  eden space 395776K, 0% used [0x00000000e0000000,0x00000000e0000000,0x00000000f8280000)
  from space 30208K, 75% used [0x00000000fa500000,0x00000000fbb3cd08,0x00000000fc280000)
  to   space 32768K, 0% used [0x00000000f8280000,0x00000000f8280000,0x00000000fa280000)
 ParOldGen       total 147968K, used 129802K [0x00000000a0000000, 0x00000000a9080000, 0x00000000e0000000)
  object space 147968K, 87% used [0x00000000a0000000,0x00000000a7ec2a58,0x00000000a9080000)
 Metaspace       used 81405K, capacity 85248K, committed 85464K, reserved 1124352K
  class space    used 10401K, capacity 11173K, committed 11264K, reserved 1048576K
}

